


ARM Macro Assembler    Page 1 


    1 00000000                 AREA             main, CODE, READONLY
    2 00000000                 EXPORT           __main      ; make __main visib
                                                            le to linker
    3 00000000                 ENTRY
    4 00000000         
    5 00000000         __main  PROC
    6 00000000 4805            ldr              r0,=Scores  ; r0= the begining 
                                                            address of Scores 
    7 00000002 4806            ldr              r0,=Miles   ; r0= the begining 
                                                            address of Miles
    8 00000004 4806            ldr              r0,=Speed   ; r0= the begining 
                                                            address of Speed
    9 00000006 4807            ldr              r0,=Half_Word_Array ; r0= the b
                                                            egining address of 
                                                            Half_Word_Array
   10 00000008 4807            ldr              r0,=MSG1    ; r0= the begining 
                                                            address of MSG1
   11 0000000A 4808            ldr              r0,=Searchfor ; r0= the beginin
                                                            g address of Search
                                                            for
   12 0000000C 4808            ldr              r0,=Volt    ; r0= the begining 
                                                            address of Volt 
   13 0000000E 4809            ldr              r0,=Byte_Array ; r0= the begini
                                                            ng address of Byte_
                                                            Array
   14 00000010 4809            ldr              r0,=Zero_Array ; r0= the begini
                                                            ng address of Zero_
                                                            Array 
   15 00000012 480A            ldr              r0,=Ones_Array ; r0= the begini
                                                            ng address of Ones_
                                                            Array
   16 00000014         
   17 00000014 E7FE    stop    B                stop        ; dead loop & progr
                                                            am hangs here
   18 00000016         
   19 00000016                 ENDP
   20 00000016         
   21 00000016 00 00           ALIGN
   22 00000018 00000000 
              00000000 
              00000000 
              00000000 
              00000000 
              00000000 
              00000000 
              00000000 
              00000000 
              00000000         AREA             myData, DATA, READWRITE
   23 00000000 AABBCCDD 
              00000172 Scores  DCD              0XAABBCCDD, 370 ; Define an arr
                                                            ay of two words cal
                                                            led Scores - initia
                                                            lize it with 0XAABB
                                                            CCDD and 370
   24 00000008 BBBBBBBB 
                       Miles   DCD              0xBBBBBBBB  ; Define a word var
                                                            iable called Miles 
                                                            - initialize it wit
                                                            h 0xBBBBBBBB



ARM Macro Assembler    Page 2 


   25 0000000C BB AA   Speed   DCW              0xAABB      ; Define a half wor
                                                            d variable called S
                                                            peed  - initialize 
                                                            it with 0xAABB
   26 0000000E FF 00 20 
              4E       Half_Word_Array
                               DCW              0x00FF, 20000 ; Define an array
                                                             of two half words 
                                                            called Half_Word_Ar
                                                            ray  - initialize i
                                                            t with 0x00FF and 2
                                                            0000
   27 00000012 45 6E 74 
              65 72 20 
              34 20 44 
              69 67 69 
              74 20 50 
              49 4E 3F 
              00       MSG1    DCB              "Enter 4 Digit PIN?" ,0 ; Defin
                                                            e a message (an arr
                                                            ay of characters) c
                                                            alled MSG1  - the m
                                                            essage is "Enter 4 
                                                            Digit PIN?" add Nul
                                                            l delimiter at the 
                                                            end 
   28 00000025 40      Searchfor
                               DCB              '@'         ; Define a characte
                                                            r variable (a byte 
                                                            variable that store
                                                            s a character) call
                                                            ed Searchfor  - Ini
                                                            tialize it with @
   29 00000026 78      Volt    DCB              120         ; Define a byte var
                                                            iable called Volt  
                                                             - Initialize it wi
                                                            th 120
   30 00000027 FF A2 F0 
                       Byte_Array
                               DCB              -1,0xA2, 2_11110000 ; Define an
                                                             array of bytes cal
                                                            led Byte_Array   - 
                                                            Initialize it with 
                                                            -1,0xA2, and 2_1111
                                                            0000 
   31 0000002A 00 00 00 
              00 00 00 
              00 00    Zero_Array
                               SPACE            8           ; Store zeros in 8 
                                                            bytes - call this a
                                                            rray Zero_Array
   32 00000032 FF FF FF 
              FF FF FF 
              FF FF FF 
              FF       Ones_Array
                               FILL             10,0xFF,1   ; Store 0xFF in 10 
                                                            bytes - call this O
                                                            nes_Array
   33 0000003C         



ARM Macro Assembler    Page 3 


   34 0000003C                 END
Command Line: --debug --xref --diag_suppress=9931,A1950W --cpu=Cortex-M4.fp.sp 
--depend=.\objects\main.d -o.\objects\main.o -I.\RTE\_Target_1 -I"E:\Tennesse T
ech Course Materials\ECE 3130 MicroComputer Systems\LAB Assignments\MDK softwar
e\ARM\CMSIS\5.9.0\CMSIS\Core\Include" -I"E:\Tennesse Tech Course Materials\ECE 
3130 MicroComputer Systems\LAB Assignments\MDK software\Keil\STM32L4xx_DFP\2.6.
1\Drivers\CMSIS\Device\ST\STM32L4xx\Include" -I"E:\Tennesse Tech Course Materia
ls\ECE 3130 MicroComputer Systems\LAB Assignments\MDK software\Keil\STM32L4xx_D
FP\2.6.1\Device\Include" --predefine="__EVAL SETA 1" --predefine="__UVISION_VER
SION SETA 538" --predefine="_RTE_ SETA 1" --predefine="STM32L476xx SETA 1" --pr
edefine="_RTE_ SETA 1" --list=.\listings\main.lst main.s



ARM Macro Assembler    Page 1 Alphabetic symbol ordering
Relocatable symbols

__main 00000000

Symbol: __main
   Definitions
      At line 5 in file main.s
   Uses
      At line 2 in file main.s
Comment: __main used once
main 00000000

Symbol: main
   Definitions
      At line 1 in file main.s
   Uses
      None
Comment: main unused
stop 00000014

Symbol: stop
   Definitions
      At line 17 in file main.s
   Uses
      At line 17 in file main.s
Comment: stop used once
3 symbols



ARM Macro Assembler    Page 1 Alphabetic symbol ordering
Relocatable symbols

Byte_Array 00000027

Symbol: Byte_Array
   Definitions
      At line 30 in file main.s
   Uses
      At line 13 in file main.s
Comment: Byte_Array used once
Half_Word_Array 0000000E

Symbol: Half_Word_Array
   Definitions
      At line 26 in file main.s
   Uses
      At line 9 in file main.s
Comment: Half_Word_Array used once
MSG1 00000012

Symbol: MSG1
   Definitions
      At line 27 in file main.s
   Uses
      At line 10 in file main.s
Comment: MSG1 used once
Miles 00000008

Symbol: Miles
   Definitions
      At line 24 in file main.s
   Uses
      At line 7 in file main.s
Comment: Miles used once
Ones_Array 00000032

Symbol: Ones_Array
   Definitions
      At line 32 in file main.s
   Uses
      At line 15 in file main.s
Comment: Ones_Array used once
Scores 00000000

Symbol: Scores
   Definitions
      At line 23 in file main.s
   Uses
      At line 6 in file main.s
Comment: Scores used once
Searchfor 00000025

Symbol: Searchfor
   Definitions
      At line 28 in file main.s
   Uses
      At line 11 in file main.s
Comment: Searchfor used once
Speed 0000000C

Symbol: Speed



ARM Macro Assembler    Page 2 Alphabetic symbol ordering
Relocatable symbols

   Definitions
      At line 25 in file main.s
   Uses
      At line 8 in file main.s
Comment: Speed used once
Volt 00000026

Symbol: Volt
   Definitions
      At line 29 in file main.s
   Uses
      At line 12 in file main.s
Comment: Volt used once
Zero_Array 0000002A

Symbol: Zero_Array
   Definitions
      At line 31 in file main.s
   Uses
      At line 14 in file main.s
Comment: Zero_Array used once
myData 00000000

Symbol: myData
   Definitions
      At line 22 in file main.s
   Uses
      None
Comment: myData unused
11 symbols
351 symbols in table
